<?xml version="1.0" encoding="UTF-8"?>
<testsuite xmlns:xsi="http://www.w3.org/2001/XMLSchema-instance" xsi:noNamespaceSchemaLocation="https://maven.apache.org/surefire/maven-surefire-plugin/xsd/surefire-test-report.xsd" name="docusaurus.io.tests.DocusaurusTest" time="79.427" tests="35" errors="0" skipped="0" failures="0">
  <properties>
[...]
</properties>
  <testcase name="systemModeTest" classname="docusaurus.io.tests.DocusaurusTest" time="3.611"/>
  <testcase name="metaOpenSourceLogoIsActive" classname="docusaurus.io.tests.DocusaurusTest" time="2.156"/>
  <testcase name="metaOpenSourceLogoTest" classname="docusaurus.io.tests.DocusaurusTest" time="3.215"/>
  <testcase name="helpIsActive" classname="docusaurus.io.tests.DocusaurusTest" time="2.253"/>
  <testcase name="englishTest" classname="docusaurus.io.tests.DocusaurusTest" time="2.206"/>
  <testcase name="netlifyTest" classname="docusaurus.io.tests.DocusaurusTest" time="3.203"/>
  <testcase name="IntroductionIsActive" classname="docusaurus.io.tests.DocusaurusTest" time="1.746"/>
  <testcase name="migrationFromV1ToV2IsActive" classname="docusaurus.io.tests.DocusaurusTest" time="2.928"/>
  <testcase name="searchTest" classname="docusaurus.io.tests.DocusaurusTest" time="2.258"/>
  <testcase name="startIsActive" classname="docusaurus.io.tests.DocusaurusTest" time="2.159"/>
  <testcase name="termsIsActive" classname="docusaurus.io.tests.DocusaurusTest" time="1.702"/>
  <testcase name="coveredByArgosTest" classname="docusaurus.io.tests.DocusaurusTest" time="2.484"/>
  <testcase name="apiIsActive" classname="docusaurus.io.tests.DocusaurusTest" time="1.761"/>
  <testcase name="tryDemoIsActive" classname="docusaurus.io.tests.DocusaurusTest" time="2.302"/>
  <testcase name="discordIsActive" classname="docusaurus.io.tests.DocusaurusTest" time="2.18"/>
  <testcase name="hubRepositoryTest" classname="docusaurus.io.tests.DocusaurusTest" time="2.231"/>
  <testcase name="coveredByArgosIsActive" classname="docusaurus.io.tests.DocusaurusTest" time="2.181"/>
  <testcase name="privacyIsActive" classname="docusaurus.io.tests.DocusaurusTest" time="2.543"/>
  <testcase name="showcaseIsActive" classname="docusaurus.io.tests.DocusaurusTest" time="2.256"/>
  <testcase name="startedIsActive" classname="docusaurus.io.tests.DocusaurusTest" time="1.664"/>
  <testcase name="blogUpIsActive" classname="docusaurus.io.tests.DocusaurusTest" time="2.134"/>
  <testcase name="changelogIsActive" classname="docusaurus.io.tests.DocusaurusTest" time="2.209"/>
  <testcase name="Docusaurus3IsOutIsActive" classname="docusaurus.io.tests.DocusaurusTest" time="2.225"/>
  <testcase name="blogIsActive" classname="docusaurus.io.tests.DocusaurusTest" time="2.18"/>
  <testcase name="featureRequestsIsActive" classname="docusaurus.io.tests.DocusaurusTest" time="1.695"/>
  <testcase name="stackOverflowIsActive" classname="docusaurus.io.tests.DocusaurusTest" time="2.135"/>
  <testcase name="threeEightOneTest" classname="docusaurus.io.tests.DocusaurusTest" time="2.181"/>
  <testcase name="DocusaurusIsActive" classname="docusaurus.io.tests.DocusaurusTest" time="1.798"/>
  <testcase name="installationIsActive" classname="docusaurus.io.tests.DocusaurusTest" time="2.268"/>
  <testcase name="gitHubIsActive" classname="docusaurus.io.tests.DocusaurusTest" time="2.276"/>
  <testcase name="xIsActive" classname="docusaurus.io.tests.DocusaurusTest" time="2.274"/>
  <testcase name="netlifyIsActive" classname="docusaurus.io.tests.DocusaurusTest" time="2.173"/>
  <testcase name="cookiePolicyIsActive" classname="docusaurus.io.tests.DocusaurusTest" time="2.066"/>
  <testcase name="communityIsActive" classname="docusaurus.io.tests.DocusaurusTest" time="2.156"/>
  <testcase name="docsIsActive" classname="docusaurus.io.tests.DocusaurusTest" time="2.179"/>
</testsuite>